            --------------------------------------------------------
                             AMBER SQM VERSION 19
 
                                     By
              Ross C. Walker, Michael F. Crowley, Scott Brozell,
                         Tim Giese, Andreas W. Goetz,
                        Tai-Sung Lee and David A. Case
 
            --------------------------------------------------------
 

--------------------------------------------------------------------------------
  QM CALCULATION INFO
--------------------------------------------------------------------------------

| QMMM: Citation for AMBER QMMM Run:
| QMMM: R.C. Walker, M.F. Crowley and D.A. Case, J. COMP. CHEM. 29:1019, 2008

QMMM: SINGLET STATE CALCULATION
QMMM: RHF CALCULATION, NO. OF DOUBLY OCCUPIED LEVELS = 48

| QMMM: *** Selected Hamiltonian *** 
| QMMM: AM1         

| QMMM: *** Parameter sets in use ***
| QMMM: C : M.J.S.DEWAR et al. JACS, 107, 3902, (1985)
| QMMM: O : M.J.S.DEWAR et al. JACS, 107, 3902, (1985)
| QMMM: P : M.J.S.DEWAR et al. THEOCHEM, 187,1, (1989)
| QMMM: H : M.J.S.DEWAR et al. JACS, 107, 3902, (1985)

| QMMM: *** SCF convergence criteria ***
| QMMM: Energy change                :  0.1D-09 kcal/mol
| QMMM: Error matrix |FP-PF|         :  0.1D+00 au
| QMMM: Density matrix change        :  0.5D-06
| QMMM: Maximum number of SCF cycles :     1000

| QMMM: *** Diagonalization Routine Information ***
| QMMM: Pseudo diagonalizations are allowed.
| QMMM: Auto diagonalization routine selection is in use.
| QMMM:
| QMMM: Timing diagonalization routines:
| QMMM:                              norbs =       77
| QMMM:    diag iterations used for timing =       15
| QMMM:
| QMMM:              Internal diag routine = 0.039360 seconds
| QMMM:                 Dspev diag routine = 0.016526 seconds
| QMMM:                Dspevd diag routine = 0.009803 seconds
| QMMM:                Dspevx diag routine = 0.048121 seconds
| QMMM:                 Dsyev diag routine = 0.014696 seconds
| QMMM:                Dsyevd diag routine = 0.011117 seconds
| QMMM:                Dsyevr diag routine = 0.012402 seconds
| QMMM:
| QMMM:                Pseudo diag routine = 0.003863 seconds
| QMMM:
| QMMM: Using dspevd routine (diag_routine=3).

  QMMM: QM Region Cartesian Coordinates (*=link atom) 
  QMMM: QM_NO.   MM_NO.  ATOM         X         Y         Z
  QMMM:     1        1      C       21.9800   -2.0720  -12.4800
  QMMM:     2        2      C       21.9850   -0.7050  -11.7700
  QMMM:     3        3      C       23.3000    0.0440  -11.9860
  QMMM:     4        4      C       22.0430   -2.0200  -14.0130
  QMMM:     5        5      C       23.3120   -2.5970  -14.6400
  QMMM:     6        6      C       23.1920   -3.9460  -15.3220
  QMMM:     7        7      O       20.8560   -2.8370  -12.0530
  QMMM:     8        8      O       20.9260    0.1080  -12.2730
  QMMM:     9        9      O       23.0170    1.4300  -12.1470
  QMMM:    10       10      O       23.9350    3.4550  -13.5530
  QMMM:    11       11      O       21.8390    2.0500  -14.3140
  QMMM:    12       12      O       24.1290    0.9610  -14.3650
  QMMM:    13       13      O       20.9280   -2.7370  -14.5310
  QMMM:    14       14      O       24.3910   -2.0060  -14.5720
  QMMM:    15       15      O       22.5480   -3.8100  -16.5720
  QMMM:    16       16      P       23.2850    2.1030  -13.5920
  QMMM:    17       17      H       20.1560   -2.7380  -12.7210
  QMMM:    18       18      H       21.2270    0.5070  -13.1070
  QMMM:    19       19      H       21.4520    1.1760  -14.5370
  QMMM:    20       20      H       24.2190    1.0160  -15.3400
  QMMM:    21       21      H       20.6980   -3.4300  -13.8890
  QMMM:    22       22      H       22.0750   -2.9600  -16.5680
  QMMM:    23       23      H       22.8940   -2.5440  -12.1880
  QMMM:    24       24      H       21.8590   -0.8940  -10.7240
  QMMM:    25       25      H       23.7860   -0.3280  -12.8640
  QMMM:    26       26      H       23.9430   -0.1000  -11.1430
  QMMM:    27       27      H       22.0360   -0.9810  -14.2680
  QMMM:    28       28      H       22.6220   -4.6050  -14.7010
  QMMM:    29       29      H       24.1730   -4.3450  -15.4780

--------------------------------------------------------------------------------
  RESULTS
--------------------------------------------------------------------------------

      iter         sqm energy              rms gradient
      ----    -------------------    -----------------------
xmin    10     -506.6118 kcal/mol        1.1702 kcal/(mol*A)
xmin    20     -510.7916 kcal/mol        1.2007 kcal/(mol*A)
xmin    30     -511.6449 kcal/mol        0.3216 kcal/(mol*A)
xmin    40     -512.0889 kcal/mol        0.6539 kcal/(mol*A)
xmin    50     -512.5457 kcal/mol        0.3812 kcal/(mol*A)
xmin    60     -512.9177 kcal/mol        0.3083 kcal/(mol*A)
xmin    70     -513.0880 kcal/mol        0.1658 kcal/(mol*A)
xmin    80     -513.1750 kcal/mol        0.1711 kcal/(mol*A)
xmin    90     -513.1820 kcal/mol        0.0793 kcal/(mol*A)
xmin   100     -513.1832 kcal/mol        0.0096 kcal/(mol*A)
xmin   110     -513.1833 kcal/mol        0.0032 kcal/(mol*A)
xmin   120     -513.1833 kcal/mol        0.0015 kcal/(mol*A)
xmin   130     -513.1833 kcal/mol        0.0010 kcal/(mol*A)
xmin   130     -513.1833 kcal/mol        0.0005 kcal/(mol*A)
  ... geometry converged !
 
 Final MO eigenvalues (eV):
 -41.7378  -40.1242  -39.2371  -38.3531  -38.0094  -37.6895  -37.2057  -36.9537
 -34.9581  -32.5111  -30.1230  -28.3930  -25.8937  -23.0127  -21.8306  -21.6133
 -20.1452  -19.9426  -19.2650  -19.0806  -18.5115  -18.4033  -17.9533  -17.0750
 -17.0433  -16.8499  -16.5983  -16.3054  -15.6746  -15.5134  -15.1006  -14.9303
 -14.5592  -14.5096  -14.3103  -14.1577  -13.8657  -13.6424  -13.4627  -13.1368
 -12.8700  -12.7185  -12.3095  -12.1259  -11.9446  -11.8980  -11.4781  -10.5411
   0.1018    0.6242    2.0428    2.2484    2.5180    2.6719    2.7728    3.0214
   3.0234    3.0729    3.2000    3.2050    3.3221    3.4030    3.5705    3.7523
   3.7891    3.9120    4.0764    4.1692    4.4438    5.3276    5.4451    5.6478
   5.6658    5.7075    5.7921    5.9822    6.6304

 Heat of formation   =       -513.18334977 kcal/mol  (      -22.25329993 eV)

 Total SCF energy    =     -91436.59468193 kcal/mol  (    -3964.98827813 eV)
 Electronic energy   =    -499085.27931548 kcal/mol  (   -21641.96172393 eV)
 Core-core repulsion =     407648.68463355 kcal/mol  (    17676.97344580 eV)
 
    Atomic Charges for Step       1 :
  Atom    Element       Mulliken Charge
     1      C                  0.010
     2      C                 -0.029
     3      C                 -0.004
     4      C                 -0.057
     5      C                  0.170
     6      C                 -0.053
     7      O                 -0.323
     8      O                 -0.353
     9      O                 -0.732
    10      O                 -1.046
    11      O                 -0.804
    12      O                 -0.838
    13      O                 -0.326
    14      O                 -0.286
    15      O                 -0.316
    16      P                  2.621
    17      H                  0.225
    18      H                  0.229
    19      H                  0.290
    20      H                  0.293
    21      H                  0.225
    22      H                  0.223
    23      H                  0.145
    24      H                  0.121
    25      H                  0.090
    26      H                  0.137
    27      H                  0.158
    28      H                  0.094
    29      H                  0.137
 Total Mulliken Charge =      -0.000
 
                  X        Y        Z     TOTAL  
  QM DIPOLE    -1.475   -2.903   -1.603    3.630
 
 Final Structure

  QMMM: QM Region Cartesian Coordinates (*=link atom) 
  QMMM: QM_NO.   MM_NO.  ATOM         X         Y         Z
  QMMM:     1        1      C       21.8689   -2.0835  -12.4419
  QMMM:     2        2      C       21.9621   -0.5511  -12.3572
  QMMM:     3        3      C       23.2971   -0.0433  -12.9200
  QMMM:     4        4      C       21.9473   -2.6087  -13.8890
  QMMM:     5        5      C       23.2910   -3.2422  -14.2112
  QMMM:     6        6      C       23.3227   -4.1846  -15.3935
  QMMM:     7        7      O       20.6596   -2.5250  -11.8570
  QMMM:     8        8      O       20.8795   -0.0331  -13.1215
  QMMM:     9        9      O       23.6489    1.1849  -12.3255
  QMMM:    10       10      O       24.1000    3.7439  -12.6195
  QMMM:    11       11      O       21.9719    2.4708  -13.5422
  QMMM:    12       12      O       24.1071    2.1445  -14.5992
  QMMM:    13       13      O       20.8977   -3.5234  -14.1503
  QMMM:    14       14      O       24.3042   -2.9941  -13.5522
  QMMM:    15       15      O       22.4909   -3.7623  -16.4470
  QMMM:    16       16      P       23.5197    2.5377  -13.1697
  QMMM:    17       17      H       19.9366   -2.0887  -12.3324
  QMMM:    18       18      H       20.5870    0.7838  -12.6964
  QMMM:    19       19      H       21.7310    1.9816  -14.3284
  QMMM:    20       20      H       24.8423    2.6449  -14.9423
  QMMM:    21       21      H       20.8098   -4.1062  -13.3817
  QMMM:    22       22      H       21.5714   -3.8718  -16.1652
  QMMM:    23       23      H       22.6825   -2.5391  -11.8082
  QMMM:    24       24      H       21.8686   -0.2477  -11.2771
  QMMM:    25       25      H       23.2307    0.0780  -14.0353
  QMMM:    26       26      H       24.1139   -0.7761  -12.6589
  QMMM:    27       27      H       21.7740   -1.7688  -14.6263
  QMMM:    28       28      H       23.0322   -5.2074  -15.0284
  QMMM:    29       29      H       24.3576   -4.2182  -15.8335

           --------- Calculation Completed ----------

