            --------------------------------------------------------
                             AMBER SQM VERSION 19
 
                                     By
              Ross C. Walker, Michael F. Crowley, Scott Brozell,
                         Tim Giese, Andreas W. Goetz,
                        Tai-Sung Lee and David A. Case
 
            --------------------------------------------------------
 

--------------------------------------------------------------------------------
  QM CALCULATION INFO
--------------------------------------------------------------------------------

| QMMM: Citation for AMBER QMMM Run:
| QMMM: R.C. Walker, M.F. Crowley and D.A. Case, J. COMP. CHEM. 29:1019, 2008

QMMM: SINGLET STATE CALCULATION
QMMM: RHF CALCULATION, NO. OF DOUBLY OCCUPIED LEVELS = 33

| QMMM: *** Selected Hamiltonian *** 
| QMMM: AM1         

| QMMM: *** Parameter sets in use ***
| QMMM: C : M.J.S.DEWAR et al. JACS, 107, 3902, (1985)
| QMMM: O : M.J.S.DEWAR et al. JACS, 107, 3902, (1985)
| QMMM: H : M.J.S.DEWAR et al. JACS, 107, 3902, (1985)

| QMMM: *** SCF convergence criteria ***
| QMMM: Energy change                :  0.1D-09 kcal/mol
| QMMM: Error matrix |FP-PF|         :  0.1D+00 au
| QMMM: Density matrix change        :  0.5D-06
| QMMM: Maximum number of SCF cycles :     1000

| QMMM: *** Diagonalization Routine Information ***
| QMMM: Pseudo diagonalizations are allowed.
| QMMM: Auto diagonalization routine selection is in use.
| QMMM:
| QMMM: Timing diagonalization routines:
| QMMM:                              norbs =       56
| QMMM:    diag iterations used for timing =       15
| QMMM:
| QMMM:              Internal diag routine = 0.021031 seconds
| QMMM:                 Dspev diag routine = 0.016217 seconds
| QMMM:                Dspevd diag routine = 0.007370 seconds
| QMMM:                Dspevx diag routine = 0.026255 seconds
| QMMM:                 Dsyev diag routine = 0.006129 seconds
| QMMM:                Dsyevd diag routine = 0.004983 seconds
| QMMM:                Dsyevr diag routine = 0.005823 seconds
| QMMM:
| QMMM:                Pseudo diag routine = 0.001466 seconds
| QMMM:
| QMMM: Using dsyevd routine (diag_routine=6).

  QMMM: QM Region Cartesian Coordinates (*=link atom) 
  QMMM: QM_NO.   MM_NO.  ATOM         X         Y         Z
  QMMM:     1        1      C       15.2460   32.8170   67.6850
  QMMM:     2        2      O       16.2920   32.8750   68.3370
  QMMM:     3        3      C       14.8570   31.5160   66.9950
  QMMM:     4        4      O       15.9970   30.9300   66.3890
  QMMM:     5        5      C       13.7800   31.7630   65.9400
  QMMM:     6        6      O       13.6530   30.6030   65.1260
  QMMM:     7        7      C       14.1080   32.9800   65.0670
  QMMM:     8        8      O       15.4580   32.9160   64.6300
  QMMM:     9        9      C       13.1830   33.0320   63.8550
  QMMM:    10       10      O       11.8270   33.0210   64.2770
  QMMM:    11       11      C       13.4620   34.3020   63.0650
  QMMM:    12       12      H       14.6370   33.6470   67.6080
  QMMM:    13       13      H       14.4640   30.8480   67.7320
  QMMM:    14       14      H       16.3540   31.5350   65.7200
  QMMM:    15       15      H       12.8570   31.9670   66.4420
  QMMM:    16       16      H       14.4950   30.4290   64.6770
  QMMM:    17       17      H       13.9650   33.8640   65.6520
  QMMM:    18       18      H       15.5880   32.1150   64.0990
  QMMM:    19       19      H       13.3610   32.1770   63.2370
  QMMM:    20       20      H       11.6570   33.7940   64.8380
  QMMM:    21       21      H       13.2830   35.1550   63.6860
  QMMM:    22       22      H       12.8170   34.3400   62.2120
  QMMM:    23       23      H       14.4820   34.3040   62.7420

--------------------------------------------------------------------------------
  RESULTS
--------------------------------------------------------------------------------

      iter         sqm energy              rms gradient
      ----    -------------------    -----------------------
xmin    10     -244.6659 kcal/mol        0.6772 kcal/(mol*A)
xmin    20     -246.2388 kcal/mol        0.6882 kcal/(mol*A)
xmin    30     -246.5607 kcal/mol        0.0374 kcal/(mol*A)
xmin    40     -246.5634 kcal/mol        0.0218 kcal/(mol*A)
xmin    50     -246.5636 kcal/mol        0.0023 kcal/(mol*A)
  ... geometry converged !
 
 Final MO eigenvalues (eV):
 -41.5850  -39.7501  -38.5706  -37.4530  -36.8048  -32.1666  -31.3247  -28.1849
 -24.5053  -23.0494  -22.1995  -19.3503  -18.7640  -18.3731  -18.1719  -17.3544
 -17.3033  -16.3129  -15.7525  -15.5183  -14.9737  -14.6028  -14.3177  -13.9402
 -13.6022  -13.4315  -13.1487  -13.1047  -12.4302  -12.2299  -11.6715  -10.8896
 -10.5607    0.3130    2.4534    2.6457    2.8061    3.0859    3.1195    3.3130
   3.4078    3.4704    3.5428    3.5967    3.8008    3.8844    3.9750    4.1551
   4.3474    4.5824    4.6333    5.7242    5.7450    5.8283    5.9265    6.0090


 Heat of formation   =       -246.56356430 kcal/mol  (      -10.69179846 eV)

 Total SCF energy    =     -58513.33190706 kcal/mol  (    -2537.32847262 eV)
 Electronic energy   =    -281866.36897484 kcal/mol  (   -12222.64294588 eV)
 Core-core repulsion =     223353.03706778 kcal/mol  (     9685.31447326 eV)
 
    Atomic Charges for Step       1 :
  Atom    Element       Mulliken Charge
     1      C                  0.159
     2      O                 -0.274
     3      C                 -0.069
     4      O                 -0.312
     5      C                 -0.025
     6      O                 -0.322
     7      C                 -0.043
     8      O                 -0.321
     9      C                 -0.001
    10      O                 -0.322
    11      C                 -0.246
    12      H                  0.104
    13      H                  0.146
    14      H                  0.227
    15      H                  0.144
    16      H                  0.221
    17      H                  0.125
    18      H                  0.212
    19      H                  0.127
    20      H                  0.200
    21      H                  0.081
    22      H                  0.092
    23      H                  0.098
 Total Mulliken Charge =       0.000
 
                  X        Y        Z     TOTAL  
  QM DIPOLE    -1.482    0.427   -0.484    1.616
 
 Final Structure

  QMMM: QM Region Cartesian Coordinates (*=link atom) 
  QMMM: QM_NO.   MM_NO.  ATOM         X         Y         Z
  QMMM:     1        1      C       14.6445   32.7884   67.8476
  QMMM:     2        2      O       15.4340   33.7319   67.8396
  QMMM:     3        3      C       14.8546   31.5487   67.0100
  QMMM:     4        4      O       16.2080   31.3540   66.6538
  QMMM:     5        5      C       13.9713   31.5828   65.7484
  QMMM:     6        6      O       14.1237   30.3731   65.0296
  QMMM:     7        7      C       14.3295   32.7714   64.8327
  QMMM:     8        8      O       15.4039   32.4195   63.9820
  QMMM:     9        9      C       13.0926   33.2160   64.0285
  QMMM:    10       10      O       12.0835   33.6689   64.9156
  QMMM:    11       11      C       13.4588   34.2714   63.0052
  QMMM:    12       12      H       13.7244   32.7872   68.4714
  QMMM:    13       13      H       14.5958   30.6331   67.6184
  QMMM:    14       14      H       16.5003   32.1440   66.1739
  QMMM:    15       15      H       12.8821   31.6285   66.0292
  QMMM:    16       16      H       15.0720   30.1702   65.0087
  QMMM:    17       17      H       14.7239   33.6342   65.4413
  QMMM:    18       18      H       15.0818   31.7330   63.3811
  QMMM:    19       19      H       12.6345   32.3148   63.5279
  QMMM:    20       20      H       12.3434   34.5445   65.2279
  QMMM:    21       21      H       13.8645   35.1819   63.5087
  QMMM:    22       22      H       12.5562   34.5598   62.4158
  QMMM:    23       23      H       14.2395   33.8728   62.3138

           --------- Calculation Completed ----------

